0 info it worked if it ends with ok
1 verbose cli [ '/usr/local/Cellar/node/0.10.26/bin/node',
1 verbose cli   '/usr/local/bin/npm',
1 verbose cli   'link' ]
2 info using npm@1.4.3
3 info using node@v0.10.26
4 verbose linkPkg /Users/chris_hale/Google Drive/Business/Code
5 error Error: ENOENT, open '/Users/chris_hale/Google Drive/Business/Code/package.json'
6 error If you need help, you may report this *entire* log,
6 error including the npm and node versions, at:
6 error     <http://github.com/npm/npm/issues>
7 error System Darwin 14.0.0
8 error command "/usr/local/Cellar/node/0.10.26/bin/node" "/usr/local/bin/npm" "link"
9 error cwd /Users/chris_hale/Google Drive/Business/Code/generator-angular-mobile
10 error node -v v0.10.26
11 error npm -v 1.4.3
12 error path /Users/chris_hale/Google Drive/Business/Code/package.json
13 error code ENOENT
14 error errno 34
15 verbose exit [ 34, true ]
